<?xml version="1.0" encoding="UTF-8"?>
<!-- Generated by org.testng.reporters.JUnitReportReporter -->
<testsuite hostname="HBPC-HWMBD15-004" failures="0" tests="3" name="com.example.AppTest" time="0.494" errors="0" timestamp="2024-07-31T16:27:38 CEST" skipped="0">
  <testcase classname="com.example.AppTest" name="testConvertToJson" time="0.489"/>
  <system-out/>
  <testcase classname="com.example.AppTest" name="testCapitalizeString" time="0.004"/>
  <system-out/>
  <testcase classname="com.example.AppTest" name="testApp" time="0.001"/>
  <system-out/>
</testsuite> <!-- com.example.AppTest -->
